<?xml version="1.0" encoding="UTF-8"?>
<!-- Generated by org.testng.reporters.JUnitXMLReporter -->
<testsuite ignored="0" hostname="Kripalu-Kunj" failures="0" tests="3" name="TestClass3" time="18.038" errors="0" timestamp="2025-01-20T11:08:27 IST">
  <testcase classname="testng.parallelExecution.TestClass3" name="TestClass3_test1" time="6.012"/>
  <testcase classname="testng.parallelExecution.TestClass3" name="TestClass3_test2" time="6.011"/>
  <testcase classname="testng.parallelExecution.TestClass3" name="TestClass3_test3" time="6.009"/>
</testsuite> <!-- TestClass3 -->
