<?xml version="1.0" encoding="UTF-8"?>
<!-- Generated by org.testng.reporters.JUnitXMLReporter -->
<testsuite ignored="0" hostname="Kripalu-Kunj" failures="0" tests="3" name="TestClass3" time="18.066" errors="0" timestamp="2025-01-20T11:06:21 IST">
  <testcase classname="testng.parallelExecution.TestClass3" name="TestClass3_test1" time="6.013"/>
  <testcase classname="testng.parallelExecution.TestClass3" name="TestClass3_test2" time="6.003"/>
  <testcase classname="testng.parallelExecution.TestClass3" name="TestClass3_test3" time="6.012"/>
</testsuite> <!-- TestClass3 -->
