<?xml version="1.0" encoding="UTF-8"?>
<!-- Generated by org.testng.reporters.JUnitXMLReporter -->
<testsuite ignored="0" hostname="Kripalu-Kunj" failures="0" tests="5" name="TestClass2 and TestClass3" time="5.068" errors="0" timestamp="2025-01-21T18:18:45 IST">
  <testcase classname="testng.parallelExecution.TestClass3" name="TestClass3_test3" time="5.02"/>
  <testcase classname="testng.parallelExecution.TestClass2" name="TestClass2_test1" time="5.02"/>
  <testcase classname="testng.parallelExecution.TestClass3" name="TestClass3_test1" time="5.029"/>
  <testcase classname="testng.parallelExecution.TestClass3" name="TestClass3_test2" time="5.029"/>
  <testcase classname="testng.parallelExecution.TestClass2" name="TestClass2_test2" time="5.029"/>
</testsuite> <!-- TestClass2 and TestClass3 -->
