<?xml version="1.0" encoding="UTF-8"?>
<!-- Generated by org.testng.reporters.JUnitXMLReporter -->
<testsuite ignored="0" hostname="Kripalu-Kunj" failures="0" tests="3" name="TestClass3" time="5.011" errors="0" timestamp="2025-01-21T20:13:49 IST">
  <testcase classname="testng.parallelExecution.TestClass3" name="TestClass3_test2" time="5.005"/>
  <testcase classname="testng.parallelExecution.TestClass3" name="TestClass3_test1" time="5.005"/>
  <testcase classname="testng.parallelExecution.TestClass3" name="TestClass3_test3" time="5.004"/>
</testsuite> <!-- TestClass3 -->
